This file contains any messages produced by compilers while
running configure, to aid debugging if configure makes a mistake.

It was created by SILC-Client configure 0.8.11+, which was
generated by GNU Autoconf 2.63.  Invocation command line was

  $ ./configure --disable-option-checking --prefix=/usr/local --enable-debug --without-silc-libs --with-silc-plugin=/usr/local/lib64/irssi LDFLAGS= -L/home/frank2/local/lib -L/usr/lib64/silc-toolkit -L/home/frank2/local/lib -L/usr/lib64/silc-toolkit --cache-file=/dev/null --srcdir=.

## --------- ##
## Platform. ##
## --------- ##

hostname = nevidimyj
uname -m = x86_64
uname -r = 3.9.3-x86_64-linode33
uname -s = Linux
uname -v = #1 SMP Mon May 20 10:22:57 EDT 2013

/usr/bin/uname -p = Intel(R) Xeon(R) CPU L5520 @ 2.27GHz
/bin/uname -X     = unknown

/bin/arch              = unknown
/usr/bin/arch -k       = unknown
/usr/convex/getsysinfo = unknown
/usr/bin/hostinfo      = unknown
/bin/machine           = unknown
/usr/bin/oslevel       = unknown
/bin/universe          = unknown

PATH: /home/frank2/local/bin
PATH: /usr/local/bin
PATH: /usr/bin
PATH: /bin
PATH: /opt/bin
PATH: /usr/x86_64-pc-linux-gnu/gcc-bin/4.5.3


## ----------- ##
## Core tests. ##
## ----------- ##

configure:2187: checking for a BSD-compatible install
configure:2255: result: /usr/bin/install -c
configure:2266: checking whether build environment is sane
configure:2309: result: yes
configure:2334: checking for a thread-safe mkdir -p
configure:2373: result: /bin/mkdir -p
configure:2386: checking for gawk
configure:2402: found /usr/bin/gawk
configure:2413: result: gawk
configure:2424: checking whether make sets $(MAKE)
configure:2446: result: yes
configure:2631: checking whether to enable maintainer-specific portions of Makefiles
configure:2640: result: no
configure:2666: checking for style of include used by make
configure:2694: result: GNU
configure:2764: checking for gcc
configure:2780: found /usr/bin/gcc
configure:2791: result: gcc
configure:3023: checking for C compiler version
configure:3031: gcc --version >&5
gcc (Gentoo 4.5.3-r2 p1.1, pie-0.4.7) 4.5.3
Copyright (C) 2010 Free Software Foundation, Inc.
This is free software; see the source for copying conditions.  There is NO
warranty; not even for MERCHANTABILITY or FITNESS FOR A PARTICULAR PURPOSE.

configure:3035: $? = 0
configure:3042: gcc -v >&5
Using built-in specs.
COLLECT_GCC=/usr/x86_64-pc-linux-gnu/gcc-bin/4.5.3/gcc
COLLECT_LTO_WRAPPER=/usr/libexec/gcc/x86_64-pc-linux-gnu/4.5.3/lto-wrapper
Target: x86_64-pc-linux-gnu
Configured with: /var/tmp/portage/sys-devel/gcc-4.5.3-r2/work/gcc-4.5.3/configure --prefix=/usr --bindir=/usr/x86_64-pc-linux-gnu/gcc-bin/4.5.3 --includedir=/usr/lib/gcc/x86_64-pc-linux-gnu/4.5.3/include --datadir=/usr/share/gcc-data/x86_64-pc-linux-gnu/4.5.3 --mandir=/usr/share/gcc-data/x86_64-pc-linux-gnu/4.5.3/man --infodir=/usr/share/gcc-data/x86_64-pc-linux-gnu/4.5.3/info --with-gxx-include-dir=/usr/lib/gcc/x86_64-pc-linux-gnu/4.5.3/include/g++-v4 --host=x86_64-pc-linux-gnu --build=x86_64-pc-linux-gnu --disable-altivec --disable-fixed-point --without-ppl --without-cloog --disable-lto --enable-nls --without-included-gettext --with-system-zlib --disable-werror --enable-secureplt --enable-multilib --enable-libmudflap --disable-libssp --enable-libgomp --with-python-dir=/share/gcc-data/x86_64-pc-linux-gnu/4.5.3/python --enable-checking=release --disable-libgcj --enable-languages=c,c++,fortran --enable-shared --enable-threads=posix --enable-__cxa_atexit --enable-clocale=gnu --enable-targets=all --with-bugurl=http://bugs.gentoo.org/ --with-pkgversion='Gentoo 4.5.3-r2 p1.1, pie-0.4.7'
Thread model: posix
gcc version 4.5.3 (Gentoo 4.5.3-r2 p1.1, pie-0.4.7) 
configure:3046: $? = 0
configure:3053: gcc -V >&5
gcc: '-V' option must have argument
configure:3057: $? = 1
configure:3080: checking for C compiler default output file name
configure:3102: gcc    -L/home/frank2/local/lib -L/usr/lib64/silc-toolkit -L/home/frank2/local/lib -L/usr/lib64/silc-toolkit conftest.c  >&5
configure:3106: $? = 0
configure:3144: result: a.out
configure:3163: checking whether the C compiler works
configure:3173: ./a.out
configure:3177: $? = 0
configure:3196: result: yes
configure:3203: checking whether we are cross compiling
configure:3205: result: no
configure:3208: checking for suffix of executables
configure:3215: gcc -o conftest    -L/home/frank2/local/lib -L/usr/lib64/silc-toolkit -L/home/frank2/local/lib -L/usr/lib64/silc-toolkit conftest.c  >&5
configure:3219: $? = 0
configure:3245: result: 
configure:3251: checking for suffix of object files
configure:3277: gcc -c   conftest.c >&5
configure:3281: $? = 0
configure:3306: result: o
configure:3310: checking whether we are using the GNU C compiler
configure:3339: gcc -c   conftest.c >&5
configure:3346: $? = 0
configure:3363: result: yes
configure:3372: checking whether gcc accepts -g
configure:3402: gcc -c -g  conftest.c >&5
configure:3409: $? = 0
configure:3510: result: yes
configure:3527: checking for gcc option to accept ISO C89
configure:3601: gcc  -c -g -O2  conftest.c >&5
configure:3608: $? = 0
configure:3631: result: none needed
configure:3651: checking dependency style of gcc
configure:3742: result: gcc3
configure:3758: checking for library containing strerror
configure:3799: gcc -o conftest -g -O2   -L/home/frank2/local/lib -L/usr/lib64/silc-toolkit -L/home/frank2/local/lib -L/usr/lib64/silc-toolkit conftest.c  >&5
configure:3806: $? = 0
configure:3837: result: none required
configure:3893: checking for gcc
configure:3920: result: gcc
configure:4152: checking for C compiler version
configure:4160: gcc --version >&5
gcc (Gentoo 4.5.3-r2 p1.1, pie-0.4.7) 4.5.3
Copyright (C) 2010 Free Software Foundation, Inc.
This is free software; see the source for copying conditions.  There is NO
warranty; not even for MERCHANTABILITY or FITNESS FOR A PARTICULAR PURPOSE.

configure:4164: $? = 0
configure:4171: gcc -v >&5
Using built-in specs.
COLLECT_GCC=/usr/x86_64-pc-linux-gnu/gcc-bin/4.5.3/gcc
COLLECT_LTO_WRAPPER=/usr/libexec/gcc/x86_64-pc-linux-gnu/4.5.3/lto-wrapper
Target: x86_64-pc-linux-gnu
Configured with: /var/tmp/portage/sys-devel/gcc-4.5.3-r2/work/gcc-4.5.3/configure --prefix=/usr --bindir=/usr/x86_64-pc-linux-gnu/gcc-bin/4.5.3 --includedir=/usr/lib/gcc/x86_64-pc-linux-gnu/4.5.3/include --datadir=/usr/share/gcc-data/x86_64-pc-linux-gnu/4.5.3 --mandir=/usr/share/gcc-data/x86_64-pc-linux-gnu/4.5.3/man --infodir=/usr/share/gcc-data/x86_64-pc-linux-gnu/4.5.3/info --with-gxx-include-dir=/usr/lib/gcc/x86_64-pc-linux-gnu/4.5.3/include/g++-v4 --host=x86_64-pc-linux-gnu --build=x86_64-pc-linux-gnu --disable-altivec --disable-fixed-point --without-ppl --without-cloog --disable-lto --enable-nls --without-included-gettext --with-system-zlib --disable-werror --enable-secureplt --enable-multilib --enable-libmudflap --disable-libssp --enable-libgomp --with-python-dir=/share/gcc-data/x86_64-pc-linux-gnu/4.5.3/python --enable-checking=release --disable-libgcj --enable-languages=c,c++,fortran --enable-shared --enable-threads=posix --enable-__cxa_atexit --enable-clocale=gnu --enable-targets=all --with-bugurl=http://bugs.gentoo.org/ --with-pkgversion='Gentoo 4.5.3-r2 p1.1, pie-0.4.7'
Thread model: posix
gcc version 4.5.3 (Gentoo 4.5.3-r2 p1.1, pie-0.4.7) 
configure:4175: $? = 0
configure:4182: gcc -V >&5
gcc: '-V' option must have argument
configure:4186: $? = 1
configure:4189: checking whether we are using the GNU C compiler
configure:4242: result: yes
configure:4251: checking whether gcc accepts -g
configure:4389: result: yes
configure:4406: checking for gcc option to accept ISO C89
configure:4510: result: none needed
configure:4530: checking dependency style of gcc
configure:4621: result: gcc3
configure:4641: checking how to run the C preprocessor
configure:4681: gcc -E  conftest.c
configure:4688: $? = 0
configure:4719: gcc -E  conftest.c
conftest.c:10:28: fatal error: ac_nonexistent.h: No such file or directory
compilation terminated.
configure:4726: $? = 1
configure: failed program was:
| /* confdefs.h.  */
| #define PACKAGE_NAME "SILC-Client"
| #define PACKAGE_TARNAME "silc-client"
| #define PACKAGE_VERSION "0.8.11+"
| #define PACKAGE_STRING "SILC-Client 0.8.11+"
| #define PACKAGE_BUGREPORT "silc-devel@lists.silcnet.org"
| #define PACKAGE "silc-client"
| #define VERSION "0.8.11+"
| /* end confdefs.h.  */
| #include <ac_nonexistent.h>
configure:4759: result: gcc -E
configure:4788: gcc -E  conftest.c
configure:4795: $? = 0
configure:4826: gcc -E  conftest.c
conftest.c:10:28: fatal error: ac_nonexistent.h: No such file or directory
compilation terminated.
configure:4833: $? = 1
configure: failed program was:
| /* confdefs.h.  */
| #define PACKAGE_NAME "SILC-Client"
| #define PACKAGE_TARNAME "silc-client"
| #define PACKAGE_VERSION "0.8.11+"
| #define PACKAGE_STRING "SILC-Client 0.8.11+"
| #define PACKAGE_BUGREPORT "silc-devel@lists.silcnet.org"
| #define PACKAGE "silc-client"
| #define VERSION "0.8.11+"
| /* end confdefs.h.  */
| #include <ac_nonexistent.h>
configure:4873: checking for grep that handles long lines and -e
configure:4933: result: /bin/grep
configure:4938: checking for egrep
configure:5002: result: /bin/grep -E
configure:5007: checking for ANSI C header files
configure:5037: gcc -c -g -O2  conftest.c >&5
configure:5044: $? = 0
configure:5143: gcc -o conftest -g -O2   -L/home/frank2/local/lib -L/usr/lib64/silc-toolkit -L/home/frank2/local/lib -L/usr/lib64/silc-toolkit conftest.c  >&5
configure:5147: $? = 0
configure:5153: ./conftest
configure:5157: $? = 0
configure:5175: result: yes
configure:5216: checking build system type
configure:5234: result: x86_64-unknown-linux-gnu
configure:5256: checking host system type
configure:5271: result: x86_64-unknown-linux-gnu
configure:5293: checking for a sed that does not truncate output
configure:5359: result: /bin/sed
configure:5377: checking for fgrep
configure:5441: result: /bin/grep -F
configure:5476: checking for ld used by gcc
configure:5543: result: /usr/x86_64-pc-linux-gnu/bin/ld
configure:5552: checking if the linker (/usr/x86_64-pc-linux-gnu/bin/ld) is GNU ld
configure:5567: result: yes
configure:5579: checking for BSD- or MS-compatible name lister (nm)
configure:5628: result: /usr/bin/nm -B
configure:5746: checking the name lister (/usr/bin/nm -B) interface
configure:5753: gcc -c -g -O2  conftest.c >&5
configure:5756: /usr/bin/nm -B "conftest.o"
configure:5759: output
0000000000000000 B some_variable
configure:5766: result: BSD nm
configure:5769: checking whether ln -s works
configure:5773: result: yes
configure:5781: checking the maximum length of command line arguments
configure:5901: result: 1572864
configure:5918: checking whether the shell understands some XSI constructs
configure:5928: result: yes
configure:5932: checking whether the shell understands "+="
configure:5938: result: yes
configure:5973: checking for /usr/x86_64-pc-linux-gnu/bin/ld option to reload object files
configure:5980: result: -r
configure:6049: checking for objdump
configure:6065: found /usr/bin/objdump
configure:6076: result: objdump
configure:6108: checking how to recognize dependent libraries
configure:6304: result: pass_all
configure:6364: checking for ar
configure:6380: found /usr/bin/ar
configure:6391: result: ar
configure:6469: checking for strip
configure:6485: found /usr/bin/strip
configure:6496: result: strip
configure:6568: checking for ranlib
configure:6584: found /usr/bin/ranlib
configure:6595: result: ranlib
configure:6685: checking command to parse /usr/bin/nm -B output from gcc object
configure:6803: gcc -c -g -O2  conftest.c >&5
configure:6806: $? = 0
configure:6810: /usr/bin/nm -B conftest.o \| sed -n -e 's/^.*[	 ]\([ABCDGIRSTW][ABCDGIRSTW]*\)[	 ][	 ]*\([_A-Za-z][_A-Za-z0-9]*\)$/\1 \2 \2/p' \> conftest.nm
configure:6813: $? = 0
configure:6867: gcc -o conftest -g -O2   -L/home/frank2/local/lib -L/usr/lib64/silc-toolkit -L/home/frank2/local/lib -L/usr/lib64/silc-toolkit conftest.c conftstm.o >&5
configure:6870: $? = 0
configure:6908: result: ok
configure:7003: gcc -c -g -O2  conftest.c >&5
configure:7006: $? = 0
configure:7783: checking for sys/types.h
configure:7804: gcc -c -g -O2  conftest.c >&5
configure:7811: $? = 0
configure:7828: result: yes
configure:7783: checking for sys/stat.h
configure:7804: gcc -c -g -O2  conftest.c >&5
configure:7811: $? = 0
configure:7828: result: yes
configure:7783: checking for stdlib.h
configure:7804: gcc -c -g -O2  conftest.c >&5
configure:7811: $? = 0
configure:7828: result: yes
configure:7783: checking for string.h
configure:7804: gcc -c -g -O2  conftest.c >&5
configure:7811: $? = 0
configure:7828: result: yes
configure:7783: checking for memory.h
configure:7804: gcc -c -g -O2  conftest.c >&5
configure:7811: $? = 0
configure:7828: result: yes
configure:7783: checking for strings.h
configure:7804: gcc -c -g -O2  conftest.c >&5
configure:7811: $? = 0
configure:7828: result: yes
configure:7783: checking for inttypes.h
configure:7804: gcc -c -g -O2  conftest.c >&5
configure:7811: $? = 0
configure:7828: result: yes
configure:7783: checking for stdint.h
configure:7804: gcc -c -g -O2  conftest.c >&5
configure:7811: $? = 0
configure:7828: result: yes
configure:7783: checking for unistd.h
configure:7804: gcc -c -g -O2  conftest.c >&5
configure:7811: $? = 0
configure:7828: result: yes
configure:7846: checking for dlfcn.h
configure:7867: gcc -c -g -O2  conftest.c >&5
configure:7874: $? = 0
configure:7891: result: yes
configure:8077: checking for objdir
configure:8092: result: .libs
configure:8384: checking if gcc supports -fno-rtti -fno-exceptions
configure:8402: gcc -c -g -O2  -fno-rtti -fno-exceptions conftest.c >&5
cc1: warning: command line option "-fno-rtti" is valid for C++/ObjC++ but not for C
configure:8406: $? = 0
configure:8419: result: no
configure:8439: checking for gcc option to produce PIC
configure:8711: result: -fPIC -DPIC
configure:8723: checking if gcc PIC flag -fPIC -DPIC works
configure:8741: gcc -c -g -O2  -fPIC -DPIC -DPIC conftest.c >&5
configure:8745: $? = 0
configure:8758: result: yes
configure:8782: checking if gcc static flag -static works
configure:8810: result: yes
configure:8825: checking if gcc supports -c -o file.o
configure:8846: gcc -c -g -O2  -o out/conftest2.o conftest.c >&5
configure:8850: $? = 0
configure:8872: result: yes
configure:8880: checking if gcc supports -c -o file.o
configure:8927: result: yes
configure:8960: checking whether the gcc linker (/usr/x86_64-pc-linux-gnu/bin/ld -m elf_x86_64) supports shared libraries
configure:10035: result: yes
configure:10072: checking whether -lc should be explicitly linked in
configure:10077: gcc -c -g -O2  conftest.c >&5
configure:10080: $? = 0
configure:10095: gcc -shared conftest.o  -v -Wl,-soname -Wl,conftest -o conftest 2\>\&1 \| /bin/grep  -lc  \>/dev/null 2\>\&1
configure:10098: $? = 0
configure:10110: result: no
configure:10274: checking dynamic linker characteristics
configure:10717: gcc -o conftest -g -O2   -L/home/frank2/local/lib -L/usr/lib64/silc-toolkit -L/home/frank2/local/lib -L/usr/lib64/silc-toolkit -Wl,-rpath -Wl,/foo conftest.c  >&5
configure:10724: $? = 0
configure:10969: result: GNU/Linux ld.so
configure:11071: checking how to hardcode library paths into programs
configure:11096: result: immediate
configure:11929: checking whether stripping libraries is possible
configure:11934: result: yes
configure:11969: checking if libtool supports shared libraries
configure:11971: result: yes
configure:11974: checking whether to build shared libraries
configure:11995: result: yes
configure:11998: checking whether to build static libraries
configure:12002: result: yes
configure:12038: creating ./config.lt

## ------------------ ##
## Running config.lt. ##
## ------------------ ##
config.lt:549: creating libtool
configure:13327: checking for sed
configure:13345: found /bin/sed
configure:13357: result: /bin/sed
configure:13367: checking for perl
configure:13385: found /usr/bin/perl
configure:13397: result: /usr/bin/perl
configure:13422: checking for string.h
configure:13429: result: yes
configure:13422: checking for stdlib.h
configure:13429: result: yes
configure:13422: checking for unistd.h
configure:13429: result: yes
configure:13433: checking dirent.h usability
configure:13450: gcc -c -g -O2  conftest.c >&5
configure:13457: $? = 0
configure:13471: result: yes
configure:13475: checking dirent.h presence
configure:13490: gcc -E  conftest.c
configure:13497: $? = 0
configure:13511: result: yes
configure:13544: checking for dirent.h
configure:13553: result: yes
configure:13433: checking sys/ioctl.h usability
configure:13450: gcc -c -g -O2  conftest.c >&5
configure:13457: $? = 0
configure:13471: result: yes
configure:13475: checking sys/ioctl.h presence
configure:13490: gcc -E  conftest.c
configure:13497: $? = 0
configure:13511: result: yes
configure:13544: checking for sys/ioctl.h
configure:13553: result: yes
configure:13433: checking sys/resource.h usability
configure:13450: gcc -c -g -O2  conftest.c >&5
configure:13457: $? = 0
configure:13471: result: yes
configure:13475: checking sys/resource.h presence
configure:13490: gcc -E  conftest.c
configure:13497: $? = 0
configure:13511: result: yes
configure:13544: checking for sys/resource.h
configure:13553: result: yes
configure:13587: checking sys/time.h usability
configure:13604: gcc -c -g -O2  conftest.c >&5
configure:13611: $? = 0
configure:13625: result: yes
configure:13629: checking sys/time.h presence
configure:13644: gcc -E  conftest.c
configure:13651: $? = 0
configure:13665: result: yes
configure:13698: checking for sys/time.h
configure:13707: result: yes
configure:13587: checking sys/utsname.h usability
configure:13604: gcc -c -g -O2  conftest.c >&5
configure:13611: $? = 0
configure:13625: result: yes
configure:13629: checking sys/utsname.h presence
configure:13644: gcc -E  conftest.c
configure:13651: $? = 0
configure:13665: result: yes
configure:13698: checking for sys/utsname.h
configure:13707: result: yes
configure:13926: checking whether to compile SILC Plugin for Irssi
configure:13945: result: yes
configure:14006: checking for mkfifo
configure:14062: gcc -o conftest -g -O2   -L/home/frank2/local/lib -L/usr/lib64/silc-toolkit -L/home/frank2/local/lib -L/usr/lib64/silc-toolkit conftest.c  >&5
configure:14069: $? = 0
configure:14091: result: yes
configure:14006: checking for fcntl
configure:14062: gcc -o conftest -g -O2   -L/home/frank2/local/lib -L/usr/lib64/silc-toolkit -L/home/frank2/local/lib -L/usr/lib64/silc-toolkit conftest.c  >&5
configure:14069: $? = 0
configure:14091: result: yes
configure:14006: checking for nl_langinfo
configure:14062: gcc -o conftest -g -O2   -L/home/frank2/local/lib -L/usr/lib64/silc-toolkit -L/home/frank2/local/lib -L/usr/lib64/silc-toolkit conftest.c  >&5
configure:14069: $? = 0
configure:14091: result: yes
configure:14104: checking for socket
configure:14160: gcc -o conftest -g -O2   -L/home/frank2/local/lib -L/usr/lib64/silc-toolkit -L/home/frank2/local/lib -L/usr/lib64/silc-toolkit conftest.c  >&5
configure:14167: $? = 0
configure:14187: result: yes
configure:14268: checking for inet_addr
configure:14324: gcc -o conftest -g -O2   -L/home/frank2/local/lib -L/usr/lib64/silc-toolkit -L/home/frank2/local/lib -L/usr/lib64/silc-toolkit conftest.c  >&5
configure:14331: $? = 0
configure:14351: result: yes
configure:14436: checking for socklen_t
configure:14464: gcc -c -g -O2 -Wall  conftest.c >&5
conftest.c: In function 'main':
conftest.c:39:11: warning: unused variable 't'
configure:14471: $? = 0
configure:14494: result: yes
configure:14506: checking size of int
configure:14811: gcc -o conftest -g -O2 -Wall   -L/home/frank2/local/lib -L/usr/lib64/silc-toolkit -L/home/frank2/local/lib -L/usr/lib64/silc-toolkit conftest.c  >&5
configure:14815: $? = 0
configure:14821: ./conftest
configure:14825: $? = 0
configure:14851: result: 4
configure:14865: checking size of long
configure:15170: gcc -o conftest -g -O2 -Wall   -L/home/frank2/local/lib -L/usr/lib64/silc-toolkit -L/home/frank2/local/lib -L/usr/lib64/silc-toolkit conftest.c  >&5
configure:15174: $? = 0
configure:15180: ./conftest
configure:15184: $? = 0
configure:15210: result: 8
configure:15224: checking size of long long
configure:15529: gcc -o conftest -g -O2 -Wall   -L/home/frank2/local/lib -L/usr/lib64/silc-toolkit -L/home/frank2/local/lib -L/usr/lib64/silc-toolkit conftest.c  >&5
configure:15533: $? = 0
configure:15539: ./conftest
configure:15543: $? = 0
configure:15569: result: 8
configure:15583: checking size of off_t
configure:15888: gcc -o conftest -g -O2 -Wall   -L/home/frank2/local/lib -L/usr/lib64/silc-toolkit -L/home/frank2/local/lib -L/usr/lib64/silc-toolkit conftest.c  >&5
configure:15892: $? = 0
configure:15898: ./conftest
configure:15902: $? = 0
configure:15928: result: 8
configure:16222: checking whether GLib is unpacked to irssi dir
configure:16270: result: no
configure:16652: checking for pkg-config
configure:16670: found /usr/bin/pkg-config
configure:16683: result: /usr/bin/pkg-config
configure:16707: checking for GLIB - version >= 2.0.0
configure:16831: gcc -o conftest -g -O2 -Wall -pthread -I/usr/include/glib-2.0 -I/usr/lib64/glib-2.0/include    -L/home/frank2/local/lib -L/usr/lib64/silc-toolkit -L/home/frank2/local/lib -L/usr/lib64/silc-toolkit conftest.c -Wl,--export-dynamic -lgmodule-2.0 -pthread -lrt -lglib-2.0   >&5
conftest.c: In function 'main':
conftest.c:51:10: warning: ignoring return value of 'system', declared with attribute warn_unused_result
configure:16835: $? = 0
configure:16841: ./conftest
configure:16845: $? = 0
configure:16866: result: yes (version 2.30.2)
configure:17072: checking if we can use recode, requires GLIB2
configure:17080: result: yes
configure:17088: checking if we can link dynamic libraries with modules
configure:17121: result: yes
configure:17436: checking "location of ncurses.h file"...
configure:17444: result: Found ncurses on /usr/include/ncurses.h
configure:17448: checking for initscr in -lncurses
configure:17483: gcc -o conftest -g -O2 -Wall   -L/home/frank2/local/lib -L/usr/lib64/silc-toolkit -L/home/frank2/local/lib -L/usr/lib64/silc-toolkit conftest.c -lncurses -lncurses  -Wl,--export-dynamic -lgmodule-2.0 -pthread -lrt -lglib-2.0  >&5
configure:17490: $? = 0
configure:17511: result: yes
configure:18932: checking for use_default_colors
configure:18988: gcc -o conftest -g -O2 -Wall   -L/home/frank2/local/lib -L/usr/lib64/silc-toolkit -L/home/frank2/local/lib -L/usr/lib64/silc-toolkit conftest.c  -Wl,--export-dynamic -lgmodule-2.0 -pthread -lrt -lglib-2.0  >&5
/tmp/ccSJt5Go.o: In function `main':
/home/frank2/local/doc/src/silc-client-1.1.8/apps/irssi/conftest.c:78: undefined reference to `use_default_colors'
collect2: ld returned 1 exit status
configure:18995: $? = 1
configure: failed program was:
| /* confdefs.h.  */
| #define PACKAGE_NAME "SILC-Client"
| #define PACKAGE_TARNAME "silc-client"
| #define PACKAGE_VERSION "0.8.11+"
| #define PACKAGE_STRING "SILC-Client 0.8.11+"
| #define PACKAGE_BUGREPORT "silc-devel@lists.silcnet.org"
| #define PACKAGE "silc-client"
| #define VERSION "0.8.11+"
| #define STDC_HEADERS 1
| #define HAVE_SYS_TYPES_H 1
| #define HAVE_SYS_STAT_H 1
| #define HAVE_STDLIB_H 1
| #define HAVE_STRING_H 1
| #define HAVE_MEMORY_H 1
| #define HAVE_STRINGS_H 1
| #define HAVE_INTTYPES_H 1
| #define HAVE_STDINT_H 1
| #define HAVE_UNISTD_H 1
| #define HAVE_DLFCN_H 1
| #define LT_OBJDIR ".libs/"
| #define HAVE_STRING_H 1
| #define HAVE_STDLIB_H 1
| #define HAVE_UNISTD_H 1
| #define HAVE_DIRENT_H 1
| #define HAVE_SYS_IOCTL_H 1
| #define HAVE_SYS_RESOURCE_H 1
| #define HAVE_SYS_TIME_H 1
| #define HAVE_SYS_UTSNAME_H 1
| #define HAVE_MKFIFO 1
| #define HAVE_FCNTL 1
| #define HAVE_NL_LANGINFO 1
| #define _FILE_OFFSET_BITS 64
| #define SIZEOF_INT 4
| #define SIZEOF_LONG 8
| #define SIZEOF_LONG_LONG 8
| #define SIZEOF_OFF_T 8
| #define PRIuUOFF_T "lu"
| #define UOFF_T_LONG /**/
| #define HAVE_GMODULE 1
| #define HAVE_GLIB2 /**/
| #define HAS_CURSES 1
| #define USE_NCURSES 1
| /* end confdefs.h.  */
| /* Define use_default_colors to an innocuous variant, in case <limits.h> declares use_default_colors.
|    For example, HP-UX 11i <limits.h> declares gettimeofday.  */
| #define use_default_colors innocuous_use_default_colors
| 
| /* System header to define __stub macros and hopefully few prototypes,
|     which can conflict with char use_default_colors (); below.
|     Prefer <limits.h> to <assert.h> if __STDC__ is defined, since
|     <limits.h> exists even on freestanding compilers.  */
| 
| #ifdef __STDC__
| # include <limits.h>
| #else
| # include <assert.h>
| #endif
| 
| #undef use_default_colors
| 
| /* Override any GCC internal prototype to avoid an error.
|    Use char because int might match the return type of a GCC
|    builtin and then its argument prototype would still apply.  */
| #ifdef __cplusplus
| extern "C"
| #endif
| char use_default_colors ();
| /* The GNU C library defines this for functions which it implements
|     to always fail with ENOSYS.  Some functions are actually named
|     something starting with __ and the normal name is an alias.  */
| #if defined __stub_use_default_colors || defined __stub___use_default_colors
| choke me
| #endif
| 
| int
| main ()
| {
| return use_default_colors ();
|   ;
|   return 0;
| }
configure:19015: result: no
configure:19024: checking for idcok
configure:19080: gcc -o conftest -g -O2 -Wall   -L/home/frank2/local/lib -L/usr/lib64/silc-toolkit -L/home/frank2/local/lib -L/usr/lib64/silc-toolkit conftest.c  -Wl,--export-dynamic -lgmodule-2.0 -pthread -lrt -lglib-2.0  >&5
/tmp/cc7Q3YPx.o: In function `main':
/home/frank2/local/doc/src/silc-client-1.1.8/apps/irssi/conftest.c:78: undefined reference to `idcok'
collect2: ld returned 1 exit status
configure:19087: $? = 1
configure: failed program was:
| /* confdefs.h.  */
| #define PACKAGE_NAME "SILC-Client"
| #define PACKAGE_TARNAME "silc-client"
| #define PACKAGE_VERSION "0.8.11+"
| #define PACKAGE_STRING "SILC-Client 0.8.11+"
| #define PACKAGE_BUGREPORT "silc-devel@lists.silcnet.org"
| #define PACKAGE "silc-client"
| #define VERSION "0.8.11+"
| #define STDC_HEADERS 1
| #define HAVE_SYS_TYPES_H 1
| #define HAVE_SYS_STAT_H 1
| #define HAVE_STDLIB_H 1
| #define HAVE_STRING_H 1
| #define HAVE_MEMORY_H 1
| #define HAVE_STRINGS_H 1
| #define HAVE_INTTYPES_H 1
| #define HAVE_STDINT_H 1
| #define HAVE_UNISTD_H 1
| #define HAVE_DLFCN_H 1
| #define LT_OBJDIR ".libs/"
| #define HAVE_STRING_H 1
| #define HAVE_STDLIB_H 1
| #define HAVE_UNISTD_H 1
| #define HAVE_DIRENT_H 1
| #define HAVE_SYS_IOCTL_H 1
| #define HAVE_SYS_RESOURCE_H 1
| #define HAVE_SYS_TIME_H 1
| #define HAVE_SYS_UTSNAME_H 1
| #define HAVE_MKFIFO 1
| #define HAVE_FCNTL 1
| #define HAVE_NL_LANGINFO 1
| #define _FILE_OFFSET_BITS 64
| #define SIZEOF_INT 4
| #define SIZEOF_LONG 8
| #define SIZEOF_LONG_LONG 8
| #define SIZEOF_OFF_T 8
| #define PRIuUOFF_T "lu"
| #define UOFF_T_LONG /**/
| #define HAVE_GMODULE 1
| #define HAVE_GLIB2 /**/
| #define HAS_CURSES 1
| #define USE_NCURSES 1
| /* end confdefs.h.  */
| /* Define idcok to an innocuous variant, in case <limits.h> declares idcok.
|    For example, HP-UX 11i <limits.h> declares gettimeofday.  */
| #define idcok innocuous_idcok
| 
| /* System header to define __stub macros and hopefully few prototypes,
|     which can conflict with char idcok (); below.
|     Prefer <limits.h> to <assert.h> if __STDC__ is defined, since
|     <limits.h> exists even on freestanding compilers.  */
| 
| #ifdef __STDC__
| # include <limits.h>
| #else
| # include <assert.h>
| #endif
| 
| #undef idcok
| 
| /* Override any GCC internal prototype to avoid an error.
|    Use char because int might match the return type of a GCC
|    builtin and then its argument prototype would still apply.  */
| #ifdef __cplusplus
| extern "C"
| #endif
| char idcok ();
| /* The GNU C library defines this for functions which it implements
|     to always fail with ENOSYS.  Some functions are actually named
|     something starting with __ and the normal name is an alias.  */
| #if defined __stub_idcok || defined __stub___idcok
| choke me
| #endif
| 
| int
| main ()
| {
| return idcok ();
|   ;
|   return 0;
| }
configure:19107: result: no
configure:19116: checking for resizeterm
configure:19172: gcc -o conftest -g -O2 -Wall   -L/home/frank2/local/lib -L/usr/lib64/silc-toolkit -L/home/frank2/local/lib -L/usr/lib64/silc-toolkit conftest.c  -Wl,--export-dynamic -lgmodule-2.0 -pthread -lrt -lglib-2.0  >&5
/tmp/ccuyiclF.o: In function `main':
/home/frank2/local/doc/src/silc-client-1.1.8/apps/irssi/conftest.c:78: undefined reference to `resizeterm'
collect2: ld returned 1 exit status
configure:19179: $? = 1
configure: failed program was:
| /* confdefs.h.  */
| #define PACKAGE_NAME "SILC-Client"
| #define PACKAGE_TARNAME "silc-client"
| #define PACKAGE_VERSION "0.8.11+"
| #define PACKAGE_STRING "SILC-Client 0.8.11+"
| #define PACKAGE_BUGREPORT "silc-devel@lists.silcnet.org"
| #define PACKAGE "silc-client"
| #define VERSION "0.8.11+"
| #define STDC_HEADERS 1
| #define HAVE_SYS_TYPES_H 1
| #define HAVE_SYS_STAT_H 1
| #define HAVE_STDLIB_H 1
| #define HAVE_STRING_H 1
| #define HAVE_MEMORY_H 1
| #define HAVE_STRINGS_H 1
| #define HAVE_INTTYPES_H 1
| #define HAVE_STDINT_H 1
| #define HAVE_UNISTD_H 1
| #define HAVE_DLFCN_H 1
| #define LT_OBJDIR ".libs/"
| #define HAVE_STRING_H 1
| #define HAVE_STDLIB_H 1
| #define HAVE_UNISTD_H 1
| #define HAVE_DIRENT_H 1
| #define HAVE_SYS_IOCTL_H 1
| #define HAVE_SYS_RESOURCE_H 1
| #define HAVE_SYS_TIME_H 1
| #define HAVE_SYS_UTSNAME_H 1
| #define HAVE_MKFIFO 1
| #define HAVE_FCNTL 1
| #define HAVE_NL_LANGINFO 1
| #define _FILE_OFFSET_BITS 64
| #define SIZEOF_INT 4
| #define SIZEOF_LONG 8
| #define SIZEOF_LONG_LONG 8
| #define SIZEOF_OFF_T 8
| #define PRIuUOFF_T "lu"
| #define UOFF_T_LONG /**/
| #define HAVE_GMODULE 1
| #define HAVE_GLIB2 /**/
| #define HAS_CURSES 1
| #define USE_NCURSES 1
| /* end confdefs.h.  */
| /* Define resizeterm to an innocuous variant, in case <limits.h> declares resizeterm.
|    For example, HP-UX 11i <limits.h> declares gettimeofday.  */
| #define resizeterm innocuous_resizeterm
| 
| /* System header to define __stub macros and hopefully few prototypes,
|     which can conflict with char resizeterm (); below.
|     Prefer <limits.h> to <assert.h> if __STDC__ is defined, since
|     <limits.h> exists even on freestanding compilers.  */
| 
| #ifdef __STDC__
| # include <limits.h>
| #else
| # include <assert.h>
| #endif
| 
| #undef resizeterm
| 
| /* Override any GCC internal prototype to avoid an error.
|    Use char because int might match the return type of a GCC
|    builtin and then its argument prototype would still apply.  */
| #ifdef __cplusplus
| extern "C"
| #endif
| char resizeterm ();
| /* The GNU C library defines this for functions which it implements
|     to always fail with ENOSYS.  Some functions are actually named
|     something starting with __ and the normal name is an alias.  */
| #if defined __stub_resizeterm || defined __stub___resizeterm
| choke me
| #endif
| 
| int
| main ()
| {
| return resizeterm ();
|   ;
|   return 0;
| }
configure:19199: result: no
configure:19208: checking for wresize
configure:19264: gcc -o conftest -g -O2 -Wall   -L/home/frank2/local/lib -L/usr/lib64/silc-toolkit -L/home/frank2/local/lib -L/usr/lib64/silc-toolkit conftest.c  -Wl,--export-dynamic -lgmodule-2.0 -pthread -lrt -lglib-2.0  >&5
/tmp/ccJOnRQM.o: In function `main':
/home/frank2/local/doc/src/silc-client-1.1.8/apps/irssi/conftest.c:78: undefined reference to `wresize'
collect2: ld returned 1 exit status
configure:19271: $? = 1
configure: failed program was:
| /* confdefs.h.  */
| #define PACKAGE_NAME "SILC-Client"
| #define PACKAGE_TARNAME "silc-client"
| #define PACKAGE_VERSION "0.8.11+"
| #define PACKAGE_STRING "SILC-Client 0.8.11+"
| #define PACKAGE_BUGREPORT "silc-devel@lists.silcnet.org"
| #define PACKAGE "silc-client"
| #define VERSION "0.8.11+"
| #define STDC_HEADERS 1
| #define HAVE_SYS_TYPES_H 1
| #define HAVE_SYS_STAT_H 1
| #define HAVE_STDLIB_H 1
| #define HAVE_STRING_H 1
| #define HAVE_MEMORY_H 1
| #define HAVE_STRINGS_H 1
| #define HAVE_INTTYPES_H 1
| #define HAVE_STDINT_H 1
| #define HAVE_UNISTD_H 1
| #define HAVE_DLFCN_H 1
| #define LT_OBJDIR ".libs/"
| #define HAVE_STRING_H 1
| #define HAVE_STDLIB_H 1
| #define HAVE_UNISTD_H 1
| #define HAVE_DIRENT_H 1
| #define HAVE_SYS_IOCTL_H 1
| #define HAVE_SYS_RESOURCE_H 1
| #define HAVE_SYS_TIME_H 1
| #define HAVE_SYS_UTSNAME_H 1
| #define HAVE_MKFIFO 1
| #define HAVE_FCNTL 1
| #define HAVE_NL_LANGINFO 1
| #define _FILE_OFFSET_BITS 64
| #define SIZEOF_INT 4
| #define SIZEOF_LONG 8
| #define SIZEOF_LONG_LONG 8
| #define SIZEOF_OFF_T 8
| #define PRIuUOFF_T "lu"
| #define UOFF_T_LONG /**/
| #define HAVE_GMODULE 1
| #define HAVE_GLIB2 /**/
| #define HAS_CURSES 1
| #define USE_NCURSES 1
| /* end confdefs.h.  */
| /* Define wresize to an innocuous variant, in case <limits.h> declares wresize.
|    For example, HP-UX 11i <limits.h> declares gettimeofday.  */
| #define wresize innocuous_wresize
| 
| /* System header to define __stub macros and hopefully few prototypes,
|     which can conflict with char wresize (); below.
|     Prefer <limits.h> to <assert.h> if __STDC__ is defined, since
|     <limits.h> exists even on freestanding compilers.  */
| 
| #ifdef __STDC__
| # include <limits.h>
| #else
| # include <assert.h>
| #endif
| 
| #undef wresize
| 
| /* Override any GCC internal prototype to avoid an error.
|    Use char because int might match the return type of a GCC
|    builtin and then its argument prototype would still apply.  */
| #ifdef __cplusplus
| extern "C"
| #endif
| char wresize ();
| /* The GNU C library defines this for functions which it implements
|     to always fail with ENOSYS.  Some functions are actually named
|     something starting with __ and the normal name is an alias.  */
| #if defined __stub_wresize || defined __stub___wresize
| choke me
| #endif
| 
| int
| main ()
| {
| return wresize ();
|   ;
|   return 0;
| }
configure:19291: result: no
configure:19300: checking for setupterm
configure:19356: gcc -o conftest -g -O2 -Wall   -L/home/frank2/local/lib -L/usr/lib64/silc-toolkit -L/home/frank2/local/lib -L/usr/lib64/silc-toolkit conftest.c  -Wl,--export-dynamic -lgmodule-2.0 -pthread -lrt -lglib-2.0  >&5
/tmp/ccNx3zeU.o: In function `main':
/home/frank2/local/doc/src/silc-client-1.1.8/apps/irssi/conftest.c:78: undefined reference to `setupterm'
collect2: ld returned 1 exit status
configure:19363: $? = 1
configure: failed program was:
| /* confdefs.h.  */
| #define PACKAGE_NAME "SILC-Client"
| #define PACKAGE_TARNAME "silc-client"
| #define PACKAGE_VERSION "0.8.11+"
| #define PACKAGE_STRING "SILC-Client 0.8.11+"
| #define PACKAGE_BUGREPORT "silc-devel@lists.silcnet.org"
| #define PACKAGE "silc-client"
| #define VERSION "0.8.11+"
| #define STDC_HEADERS 1
| #define HAVE_SYS_TYPES_H 1
| #define HAVE_SYS_STAT_H 1
| #define HAVE_STDLIB_H 1
| #define HAVE_STRING_H 1
| #define HAVE_MEMORY_H 1
| #define HAVE_STRINGS_H 1
| #define HAVE_INTTYPES_H 1
| #define HAVE_STDINT_H 1
| #define HAVE_UNISTD_H 1
| #define HAVE_DLFCN_H 1
| #define LT_OBJDIR ".libs/"
| #define HAVE_STRING_H 1
| #define HAVE_STDLIB_H 1
| #define HAVE_UNISTD_H 1
| #define HAVE_DIRENT_H 1
| #define HAVE_SYS_IOCTL_H 1
| #define HAVE_SYS_RESOURCE_H 1
| #define HAVE_SYS_TIME_H 1
| #define HAVE_SYS_UTSNAME_H 1
| #define HAVE_MKFIFO 1
| #define HAVE_FCNTL 1
| #define HAVE_NL_LANGINFO 1
| #define _FILE_OFFSET_BITS 64
| #define SIZEOF_INT 4
| #define SIZEOF_LONG 8
| #define SIZEOF_LONG_LONG 8
| #define SIZEOF_OFF_T 8
| #define PRIuUOFF_T "lu"
| #define UOFF_T_LONG /**/
| #define HAVE_GMODULE 1
| #define HAVE_GLIB2 /**/
| #define HAS_CURSES 1
| #define USE_NCURSES 1
| /* end confdefs.h.  */
| /* Define setupterm to an innocuous variant, in case <limits.h> declares setupterm.
|    For example, HP-UX 11i <limits.h> declares gettimeofday.  */
| #define setupterm innocuous_setupterm
| 
| /* System header to define __stub macros and hopefully few prototypes,
|     which can conflict with char setupterm (); below.
|     Prefer <limits.h> to <assert.h> if __STDC__ is defined, since
|     <limits.h> exists even on freestanding compilers.  */
| 
| #ifdef __STDC__
| # include <limits.h>
| #else
| # include <assert.h>
| #endif
| 
| #undef setupterm
| 
| /* Override any GCC internal prototype to avoid an error.
|    Use char because int might match the return type of a GCC
|    builtin and then its argument prototype would still apply.  */
| #ifdef __cplusplus
| extern "C"
| #endif
| char setupterm ();
| /* The GNU C library defines this for functions which it implements
|     to always fail with ENOSYS.  Some functions are actually named
|     something starting with __ and the normal name is an alias.  */
| #if defined __stub_setupterm || defined __stub___setupterm
| choke me
| #endif
| 
| int
| main ()
| {
| return setupterm ();
|   ;
|   return 0;
| }
configure:19383: result: no
configure:19622: checking for tparm
configure:19678: gcc -o conftest -g -O2 -Wall   -L/home/frank2/local/lib -L/usr/lib64/silc-toolkit -L/home/frank2/local/lib -L/usr/lib64/silc-toolkit conftest.c  -Wl,--export-dynamic -lgmodule-2.0 -pthread -lrt -lglib-2.0  >&5
/tmp/ccfHiS91.o: In function `main':
/home/frank2/local/doc/src/silc-client-1.1.8/apps/irssi/conftest.c:78: undefined reference to `tparm'
collect2: ld returned 1 exit status
configure:19685: $? = 1
configure: failed program was:
| /* confdefs.h.  */
| #define PACKAGE_NAME "SILC-Client"
| #define PACKAGE_TARNAME "silc-client"
| #define PACKAGE_VERSION "0.8.11+"
| #define PACKAGE_STRING "SILC-Client 0.8.11+"
| #define PACKAGE_BUGREPORT "silc-devel@lists.silcnet.org"
| #define PACKAGE "silc-client"
| #define VERSION "0.8.11+"
| #define STDC_HEADERS 1
| #define HAVE_SYS_TYPES_H 1
| #define HAVE_SYS_STAT_H 1
| #define HAVE_STDLIB_H 1
| #define HAVE_STRING_H 1
| #define HAVE_MEMORY_H 1
| #define HAVE_STRINGS_H 1
| #define HAVE_INTTYPES_H 1
| #define HAVE_STDINT_H 1
| #define HAVE_UNISTD_H 1
| #define HAVE_DLFCN_H 1
| #define LT_OBJDIR ".libs/"
| #define HAVE_STRING_H 1
| #define HAVE_STDLIB_H 1
| #define HAVE_UNISTD_H 1
| #define HAVE_DIRENT_H 1
| #define HAVE_SYS_IOCTL_H 1
| #define HAVE_SYS_RESOURCE_H 1
| #define HAVE_SYS_TIME_H 1
| #define HAVE_SYS_UTSNAME_H 1
| #define HAVE_MKFIFO 1
| #define HAVE_FCNTL 1
| #define HAVE_NL_LANGINFO 1
| #define _FILE_OFFSET_BITS 64
| #define SIZEOF_INT 4
| #define SIZEOF_LONG 8
| #define SIZEOF_LONG_LONG 8
| #define SIZEOF_OFF_T 8
| #define PRIuUOFF_T "lu"
| #define UOFF_T_LONG /**/
| #define HAVE_GMODULE 1
| #define HAVE_GLIB2 /**/
| #define HAS_CURSES 1
| #define USE_NCURSES 1
| /* end confdefs.h.  */
| /* Define tparm to an innocuous variant, in case <limits.h> declares tparm.
|    For example, HP-UX 11i <limits.h> declares gettimeofday.  */
| #define tparm innocuous_tparm
| 
| /* System header to define __stub macros and hopefully few prototypes,
|     which can conflict with char tparm (); below.
|     Prefer <limits.h> to <assert.h> if __STDC__ is defined, since
|     <limits.h> exists even on freestanding compilers.  */
| 
| #ifdef __STDC__
| # include <limits.h>
| #else
| # include <assert.h>
| #endif
| 
| #undef tparm
| 
| /* Override any GCC internal prototype to avoid an error.
|    Use char because int might match the return type of a GCC
|    builtin and then its argument prototype would still apply.  */
| #ifdef __cplusplus
| extern "C"
| #endif
| char tparm ();
| /* The GNU C library defines this for functions which it implements
|     to always fail with ENOSYS.  Some functions are actually named
|     something starting with __ and the normal name is an alias.  */
| #if defined __stub_tparm || defined __stub___tparm
| choke me
| #endif
| 
| int
| main ()
| {
| return tparm ();
|   ;
|   return 0;
| }
configure:19705: result: no
configure:19723: checking for working Perl support
configure:19808: result: ok
configure:20320: creating ./config.status

## ---------------------- ##
## Running config.status. ##
## ---------------------- ##

This file was extended by SILC-Client config.status 0.8.11+, which was
generated by GNU Autoconf 2.63.  Invocation command line was

  CONFIG_FILES    = 
  CONFIG_HEADERS  = 
  CONFIG_LINKS    = 
  CONFIG_COMMANDS = 
  $ ./config.status 

on nevidimyj

config.status:1090: creating Makefile
config.status:1090: creating src/Makefile
config.status:1090: creating src/core/Makefile
config.status:1090: creating src/fe-common/Makefile
config.status:1090: creating src/fe-common/core/Makefile
config.status:1090: creating src/fe-common/silc/Makefile
config.status:1090: creating src/fe-text/Makefile
config.status:1090: creating src/lib-config/Makefile
config.status:1090: creating src/lib-popt/Makefile
config.status:1090: creating src/silc/Makefile
config.status:1090: creating src/silc/core/Makefile
config.status:1090: creating src/perl/Makefile
config.status:1090: creating src/perl/common/Makefile.PL
config.status:1090: creating src/perl/ui/Makefile.PL
config.status:1090: creating src/perl/textui/Makefile.PL
config.status:1090: creating src/perl/silc/Makefile.PL
config.status:1090: creating scripts/Makefile
config.status:1090: creating scripts/examples/Makefile
config.status:1090: creating docs/Makefile
config.status:1090: creating docs/help/Makefile
config.status:1090: creating docs/help/in/Makefile
config.status:1090: creating irssi-version.h
config.status:1090: creating stamp.h
config.status:1090: creating irssi-config
config.status:1090: creating config.h
config.status:1364: executing depfiles commands
config.status:1364: executing libtool commands

## ---------------- ##
## Cache variables. ##
## ---------------- ##

ac_cv_build=x86_64-unknown-linux-gnu
ac_cv_c_compiler_gnu=yes
ac_cv_env_CC_set=
ac_cv_env_CC_value=
ac_cv_env_CFLAGS_set=
ac_cv_env_CFLAGS_value=
ac_cv_env_CPPFLAGS_set=
ac_cv_env_CPPFLAGS_value=
ac_cv_env_CPP_set=
ac_cv_env_CPP_value=
ac_cv_env_LDFLAGS_set=set
ac_cv_env_LDFLAGS_value=' -L/home/frank2/local/lib -L/usr/lib64/silc-toolkit -L/home/frank2/local/lib -L/usr/lib64/silc-toolkit'
ac_cv_env_LIBS_set=
ac_cv_env_LIBS_value=
ac_cv_env_build_alias_set=
ac_cv_env_build_alias_value=
ac_cv_env_host_alias_set=
ac_cv_env_host_alias_value=
ac_cv_env_target_alias_set=
ac_cv_env_target_alias_value=
ac_cv_func_fcntl=yes
ac_cv_func_idcok=no
ac_cv_func_inet_addr=yes
ac_cv_func_mkfifo=yes
ac_cv_func_nl_langinfo=yes
ac_cv_func_resizeterm=no
ac_cv_func_setupterm=no
ac_cv_func_socket=yes
ac_cv_func_tparm=no
ac_cv_func_use_default_colors=no
ac_cv_func_wresize=no
ac_cv_header_dirent_h=yes
ac_cv_header_dlfcn_h=yes
ac_cv_header_inttypes_h=yes
ac_cv_header_memory_h=yes
ac_cv_header_stdc=yes
ac_cv_header_stdint_h=yes
ac_cv_header_stdlib_h=yes
ac_cv_header_string_h=yes
ac_cv_header_strings_h=yes
ac_cv_header_sys_ioctl_h=yes
ac_cv_header_sys_resource_h=yes
ac_cv_header_sys_stat_h=yes
ac_cv_header_sys_time_h=yes
ac_cv_header_sys_types_h=yes
ac_cv_header_sys_utsname_h=yes
ac_cv_header_unistd_h=yes
ac_cv_host=x86_64-unknown-linux-gnu
ac_cv_lib_ncurses_initscr=yes
ac_cv_objext=o
ac_cv_path_EGREP='/bin/grep -E'
ac_cv_path_FGREP='/bin/grep -F'
ac_cv_path_GREP=/bin/grep
ac_cv_path_PKG_CONFIG=/usr/bin/pkg-config
ac_cv_path_SED=/bin/sed
ac_cv_path_install='/usr/bin/install -c'
ac_cv_path_mkdir=/bin/mkdir
ac_cv_path_perlpath=/usr/bin/perl
ac_cv_path_sedpath=/bin/sed
ac_cv_prog_AWK=gawk
ac_cv_prog_CPP='gcc -E'
ac_cv_prog_ac_ct_AR=ar
ac_cv_prog_ac_ct_CC=gcc
ac_cv_prog_ac_ct_OBJDUMP=objdump
ac_cv_prog_ac_ct_RANLIB=ranlib
ac_cv_prog_ac_ct_STRIP=strip
ac_cv_prog_cc_c89=
ac_cv_prog_cc_g=yes
ac_cv_prog_make_make_set=yes
ac_cv_search_strerror='none required'
ac_cv_sizeof_int=4
ac_cv_sizeof_long=8
ac_cv_sizeof_long_long=8
ac_cv_sizeof_off_t=8
am_cv_CC_dependencies_compiler_type=gcc3
irssi_cv_type_socklen_t=yes
lt_cv_deplibs_check_method=pass_all
lt_cv_file_magic_cmd='$MAGIC_CMD'
lt_cv_file_magic_test_file=
lt_cv_ld_reload_flag=-r
lt_cv_nm_interface='BSD nm'
lt_cv_objdir=.libs
lt_cv_path_LD=/usr/x86_64-pc-linux-gnu/bin/ld
lt_cv_path_NM='/usr/bin/nm -B'
lt_cv_prog_compiler_c_o=yes
lt_cv_prog_compiler_pic_works=yes
lt_cv_prog_compiler_rtti_exceptions=no
lt_cv_prog_compiler_static_works=yes
lt_cv_prog_gnu_ld=yes
lt_cv_sys_global_symbol_pipe='sed -n -e '\''s/^.*[	 ]\([ABCDGIRSTW][ABCDGIRSTW]*\)[	 ][	 ]*\([_A-Za-z][_A-Za-z0-9]*\)$/\1 \2 \2/p'\'''
lt_cv_sys_global_symbol_to_c_name_address='sed -n -e '\''s/^: \([^ ]*\) $/  {\"\1\", (void *) 0},/p'\'' -e '\''s/^[ABCDGIRSTW]* \([^ ]*\) \([^ ]*\)$/  {"\2", (void *) \&\2},/p'\'''
lt_cv_sys_global_symbol_to_c_name_address_lib_prefix='sed -n -e '\''s/^: \([^ ]*\) $/  {\"\1\", (void *) 0},/p'\'' -e '\''s/^[ABCDGIRSTW]* \([^ ]*\) \(lib[^ ]*\)$/  {"\2", (void *) \&\2},/p'\'' -e '\''s/^[ABCDGIRSTW]* \([^ ]*\) \([^ ]*\)$/  {"lib\2", (void *) \&\2},/p'\'''
lt_cv_sys_global_symbol_to_cdecl='sed -n -e '\''s/^T .* \(.*\)$/extern int \1();/p'\'' -e '\''s/^[ABCDGIRSTW]* .* \(.*\)$/extern char \1;/p'\'''
lt_cv_sys_max_cmd_len=1572864

## ----------------- ##
## Output variables. ##
## ----------------- ##

ACLOCAL='${SHELL} /home/frank2/local/doc/src/silc-client-1.1.8/missing --run aclocal-1.10'
AMDEPBACKSLASH='\'
AMDEP_FALSE='#'
AMDEP_TRUE=''
AMTAR='${SHELL} /home/frank2/local/doc/src/silc-client-1.1.8/missing --run tar'
AR='ar'
AUTOCONF='${SHELL} /home/frank2/local/doc/src/silc-client-1.1.8/missing --run autoconf'
AUTOHEADER='${SHELL} /home/frank2/local/doc/src/silc-client-1.1.8/missing --run autoheader'
AUTOMAKE='${SHELL} /home/frank2/local/doc/src/silc-client-1.1.8/missing --run automake-1.10'
AWK='gawk'
BUILD_IRSSIBOT_FALSE=''
BUILD_IRSSIBOT_TRUE='#'
BUILD_IRSSIPROXY_FALSE=''
BUILD_IRSSIPROXY_TRUE='#'
BUILD_PLUGINS_FALSE=''
BUILD_PLUGINS_TRUE='#'
BUILD_SERVERTEST_FALSE=''
BUILD_SERVERTEST_TRUE='#'
BUILD_TEXTUI_FALSE='#'
BUILD_TEXTUI_TRUE=''
CC='gcc'
CCDEPMODE='depmode=gcc3'
CFLAGS='-g -O2 -Wall'
CHAT_MODULES='silc'
COMMON_LIBS='../fe-common/silc/libfe_common_silc.a ../fe-common/core/libfe_common_core.a  ../silc/libsilc.a ../silc/core/libsilc_core.a ../core/libcore.a ../lib-config/libirssi_config.a ../lib-popt/libpopt.a'
COMMON_NOUI_LIBS=' ../silc/libsilc.a ../silc/core/libsilc_core.a ../core/libcore.a ../lib-config/libirssi_config.a ../lib-popt/libpopt.a'
CPP='gcc -E'
CPPFLAGS=''
CURSES_INCLUDEDIR=''
CURSES_LIBS='-lncurses'
CYGPATH_W='echo'
DEFS='-DHAVE_CONFIG_H'
DEPDIR='.deps'
DSYMUTIL=''
DUMPBIN=''
DYNALOADER_A=''
ECHO_C=''
ECHO_N='-n'
ECHO_T=''
EGREP='/bin/grep -E'
EXEEXT=''
FGREP='/bin/grep -F'
GLIB_CFLAGS='-pthread -I/usr/include/glib-2.0 -I/usr/lib64/glib-2.0/include '
GLIB_CONFIG=''
GLIB_GENMARSHAL='glib-genmarshal'
GLIB_LIBS='-Wl,--export-dynamic -lgmodule-2.0 -pthread -lrt -lglib-2.0 '
GLIB_MKENUMS='glib-mkenums'
GOBJECT_QUERY='gobject-query'
GREP='/bin/grep'
HAVE_PERL_FALSE='#'
HAVE_PERL_TRUE=''
HAVE_STATIC_PERL_FALSE='#'
HAVE_STATIC_PERL_TRUE=''
INCLUDE_DEFINES_INT='include $(top_srcdir)/Makefile.defines_int'
INSTALL_DATA='${INSTALL} -m 644'
INSTALL_PROGRAM='${INSTALL}'
INSTALL_SCRIPT='${INSTALL}'
INSTALL_STRIP_PROGRAM='$(install_sh) -c -s'
LD='/usr/x86_64-pc-linux-gnu/bin/ld -m elf_x86_64'
LDFLAGS=' -L/home/frank2/local/lib -L/usr/lib64/silc-toolkit -L/home/frank2/local/lib -L/usr/lib64/silc-toolkit'
LIBOBJS=''
LIBPERL_A=''
LIBS=''
LIBTOOL='$(SHELL) $(top_builddir)/libtool'
LIPO=''
LN_S='ln -s'
LTLIBOBJS=''
MAINT='#'
MAINTAINER_MODE_FALSE=''
MAINTAINER_MODE_TRUE='#'
MAKEINFO='${SHELL} /home/frank2/local/doc/src/silc-client-1.1.8/missing --run makeinfo'
MKDIR_P='/bin/mkdir -p'
NEED_TPARM_FALSE='#'
NEED_TPARM_TRUE=''
NM='/usr/bin/nm -B'
NMEDIT=''
OBJDUMP='objdump'
OBJEXT='o'
OTOOL64=''
OTOOL=''
PACKAGE='silc-client'
PACKAGE_BUGREPORT='silc-devel@lists.silcnet.org'
PACKAGE_NAME='SILC-Client'
PACKAGE_STRING='SILC-Client 0.8.11+'
PACKAGE_TARNAME='silc-client'
PACKAGE_VERSION='0.8.11+'
PATH_SEPARATOR=':'
PERL_CFLAGS=' -fno-strict-aliasing -pipe -D_LARGEFILE_SOURCE -D_FILE_OFFSET_BITS=64  -I/usr/lib64/perl5/5.12.4/x86_64-linux/CORE '
PERL_EXTRA_OPTS=''
PERL_FE_LINK_LIBS='../perl/libfe_perl_static.la'
PERL_LDFLAGS=''
PERL_LIBTOOL='$(SHELL) $(top_builddir)/libtool'
PERL_LINK_FLAGS='-Wl,-E -Wl,-O1 -Wl,--as-needed -L/usr/lib64/perl5/5.12.4/x86_64-linux/CORE -lperl -lnsl -ldl -lm -lcrypt -lutil'
PERL_LINK_LIBS='../perl/libperl_core_static.la'
PERL_MM_PARAMS='INSTALLDIRS=perl PREFIX=/usr/local'
PERL_STATIC_LIBS='0'
PERL_USE_LIB='/usr/local/lib64/perl5/5.12.4/x86_64-linux'
PKG_CONFIG='/usr/bin/pkg-config'
PROG_LIBS=' -Wl,--export-dynamic -lgmodule-2.0 -pthread -lrt -lglib-2.0 '
RANLIB='ranlib'
SED='/bin/sed'
SET_MAKE=''
SHELL='/bin/sh'
SILCPLUGIN_FALSE='#'
SILCPLUGIN_TRUE=''
SILC_IRSSIDIR='/usr/local/lib64/irssi/modules'
STRIP='strip'
TEXTUI_LIBS=' -Wl,--export-dynamic -lgmodule-2.0 -pthread -lrt -lglib-2.0  -lncurses'
USE_CUIX_FALSE=''
USE_CUIX_TRUE='#'
USE_CURSES_FALSE=''
USE_CURSES_TRUE='#'
VERSION='0.8.11+'
ac_ct_CC='gcc'
ac_ct_DUMPBIN=''
am__fastdepCC_FALSE='#'
am__fastdepCC_TRUE=''
am__include='include'
am__isrc=''
am__leading_dot='.'
am__quote=''
am__tar='${AMTAR} chof - "$$tardir"'
am__untar='${AMTAR} xf -'
bindir='${exec_prefix}/bin'
build='x86_64-unknown-linux-gnu'
build_alias=''
build_cpu='x86_64'
build_os='linux-gnu'
build_vendor='unknown'
datadir='${datarootdir}'
datarootdir='${prefix}/share'
docdir='${datarootdir}/doc/${PACKAGE_TARNAME}'
dvidir='${docdir}'
exec_prefix='${prefix}'
host='x86_64-unknown-linux-gnu'
host_alias=''
host_cpu='x86_64'
host_os='linux-gnu'
host_vendor='unknown'
htmldir='${docdir}'
includedir='${prefix}/include'
infodir='${datarootdir}/info'
install_sh='$(SHELL) /home/frank2/local/doc/src/silc-client-1.1.8/install-sh'
libdir='${exec_prefix}/lib'
libexecdir='${exec_prefix}/libexec'
localedir='${datarootdir}/locale'
localstatedir='${prefix}/var'
lt_ECHO='echo'
mandir='${datarootdir}/man'
mkdir_p='/bin/mkdir -p'
oldincludedir='/usr/include'
pdfdir='${docdir}'
perl_module_fe_lib=''
perl_module_lib=''
perl_static_fe_lib='libfe_perl_static.la'
perl_static_lib='libperl_core_static.la'
perlpath='/usr/bin/perl'
prefix='/usr/local'
program_transform_name='s,x,x,'
psdir='${docdir}'
sbindir='${exec_prefix}/sbin'
sedpath='/bin/sed'
sharedstatedir='${prefix}/com'
silc_MODULES=''
sysconfdir='${prefix}/etc'
target_alias=''

## ----------- ##
## confdefs.h. ##
## ----------- ##

#define PACKAGE_NAME "SILC-Client"
#define PACKAGE_TARNAME "silc-client"
#define PACKAGE_VERSION "0.8.11+"
#define PACKAGE_STRING "SILC-Client 0.8.11+"
#define PACKAGE_BUGREPORT "silc-devel@lists.silcnet.org"
#define PACKAGE "silc-client"
#define VERSION "0.8.11+"
#define STDC_HEADERS 1
#define HAVE_SYS_TYPES_H 1
#define HAVE_SYS_STAT_H 1
#define HAVE_STDLIB_H 1
#define HAVE_STRING_H 1
#define HAVE_MEMORY_H 1
#define HAVE_STRINGS_H 1
#define HAVE_INTTYPES_H 1
#define HAVE_STDINT_H 1
#define HAVE_UNISTD_H 1
#define HAVE_DLFCN_H 1
#define LT_OBJDIR ".libs/"
#define HAVE_STRING_H 1
#define HAVE_STDLIB_H 1
#define HAVE_UNISTD_H 1
#define HAVE_DIRENT_H 1
#define HAVE_SYS_IOCTL_H 1
#define HAVE_SYS_RESOURCE_H 1
#define HAVE_SYS_TIME_H 1
#define HAVE_SYS_UTSNAME_H 1
#define HAVE_MKFIFO 1
#define HAVE_FCNTL 1
#define HAVE_NL_LANGINFO 1
#define _FILE_OFFSET_BITS 64
#define SIZEOF_INT 4
#define SIZEOF_LONG 8
#define SIZEOF_LONG_LONG 8
#define SIZEOF_OFF_T 8
#define PRIuUOFF_T "lu"
#define UOFF_T_LONG /**/
#define HAVE_GMODULE 1
#define HAVE_GLIB2 /**/
#define HAS_CURSES 1
#define USE_NCURSES 1
#define HAVE_PL_PERL 1
#define HAVE_STATIC_PERL 1

configure: exit 0
